<?xml version="1.0" encoding="UTF-8"?>
<!-- Generated by org.testng.reporters.JUnitReportReporter -->
<testsuite hostname="Sachet" failures="0" tests="2" name="pageTests.LandingPageTest" time="15.760" errors="0" timestamp="2024-12-15T22:19:44 IST" skipped="0">
  <testcase classname="pageTests.LandingPageTest" name="Verify_login_with_valid_credentials" time="8.713"/>
  <system-out/>
  <testcase classname="pageTests.LandingPageTest" name="verify_error_message_invalid_credentials" time="7.047"/>
  <system-out/>
</testsuite> <!-- pageTests.LandingPageTest -->
